<?xml version="1.0" encoding="UTF-8"?>
<!-- Generated by org.testng.reporters.JUnitXMLReporter -->
<testsuite hostname="Madhusudhanreddy" ignored="0" name="Test" tests="3" failures="1" timestamp="24 Nov 2021 06:49:06 GMT" time="52.882" errors="0">
  <testcase name="login" time="23.741" classname="demo.Home"/>
  <testcase name="login" time="17.045" classname="demo.Home"/>
  <testcase name="validateTitle" time="11.567" classname="demo.Home">
    <failure type="java.lang.AssertionError" message="expected [Rahul Shetty Academy] but found [Rahul Shetty Academ]">
      <![CDATA[java.lang.AssertionError: expected [Rahul Shetty Academy] but found [Rahul Shetty Academ]
at demo.Home.validateTitle(Home.java:23)
at java.util.concurrent.FutureTask.run(Unknown Source)
at java.util.concurrent.ThreadPoolExecutor.runWorker(Unknown Source)
at java.util.concurrent.ThreadPoolExecutor$Worker.run(Unknown Source)
at java.lang.Thread.run(Unknown Source)
... Removed 22 stack frames]]>
    </failure>
  </testcase> <!-- validateTitle -->
</testsuite> <!-- Test -->
