<?xml version="1.0" encoding="UTF-8"?>
<!-- Generated by org.testng.reporters.JUnitXMLReporter -->
<testsuite hostname="Madhusudhanreddy" ignored="0" name="Test" tests="3" failures="1" timestamp="2021-11-28T15:00:05 IST" time="45.736" errors="0">
  <testcase name="login" time="23.075" classname="demo.Home"/>
  <testcase name="login" time="13.742" classname="demo.Home"/>
  <testcase name="validateTitle" time="8.779" classname="demo.Home">
    <failure type="java.lang.AssertionError" message="expected [Rahul Shetty Academy] but found [Rahul Shetty Academ]">
      <![CDATA[java.lang.AssertionError: expected [Rahul Shetty Academy] but found [Rahul Shetty Academ]
at demo.Home.validateTitle(Home.java:28)
at java.util.ArrayList.forEach(Unknown Source)
at java.util.concurrent.FutureTask.run(Unknown Source)
at java.util.concurrent.ThreadPoolExecutor.runWorker(Unknown Source)
at java.util.concurrent.ThreadPoolExecutor$Worker.run(Unknown Source)
at java.lang.Thread.run(Unknown Source)
... Removed 24 stack frames]]>
    </failure>
  </testcase> <!-- validateTitle -->
</testsuite> <!-- Test -->
